<?xml version="1.0" encoding="UTF-8"?>
<!-- Generated by org.testng.reporters.JUnitXMLReporter -->
<testsuite ignored="2" hostname="WINCTRL-BKLIGP2" failures="0" tests="2" name="Test(failed)(failed)" time="0.152" errors="0" timestamp="2023-01-14T15:45:40 IST">
  <testcase classname="TestNG.Demo4" name="TC5" time="0.027"/>
  <testcase classname="TestNG.Demo3" name="TC4" time="0.003"/>
  <testcase classname="TestNG.Demo4" name="TC6" time="0.0">
    <ignored/>
  </testcase> <!-- TC6 -->
  <testcase classname="TestNG.Demo3" name="TC3" time="0.0">
    <ignored/>
  </testcase> <!-- TC3 -->
</testsuite> <!-- Test(failed)(failed) -->
