<?xml version="1.0" encoding="UTF-8"?>
<!-- Generated by org.testng.reporters.JUnitXMLReporter -->
<testsuite ignored="0" hostname="WINCTRL-BKLIGP2" failures="2" tests="6" name="Test" time="0.255" errors="0" timestamp="2023-01-14T15:40:23 IST">
  <testcase classname="TestNG.Demo4" name="TC5" time="0.03"/>
  <testcase classname="TestNG.Demo4" name="TC6" time="0.015">
    <failure type="java.lang.AssertionError" message="null">
      <![CDATA[java.lang.AssertionError: null
at TestNG.Demo4.TC6(Demo4.java:19)
at java.base/java.util.ArrayList.forEach(ArrayList.java:1511)
... Removed 27 stack frames]]>
    </failure>
  </testcase> <!-- TC6 -->
  <testcase classname="TestNG.Demo3" name="TC3" time="0.004">
    <failure type="java.lang.AssertionError" message="null">
      <![CDATA[java.lang.AssertionError: null
at TestNG.Demo3.TC3(Demo3.java:12)
at java.base/java.util.ArrayList.forEach(ArrayList.java:1511)
... Removed 27 stack frames]]>
    </failure>
  </testcase> <!-- TC3 -->
  <testcase classname="TestNG.Demo3" name="TC4" time="0.005"/>
  <testcase classname="TestNG.Demo2" name="TC1" time="0.007"/>
  <testcase classname="TestNG.Demo2" name="TC2" time="0.004"/>
</testsuite> <!-- Test -->
