<?xml version="1.0" encoding="UTF-8"?>
<testng-results ignored="0" total="3" passed="2" failed="1" skipped="0">
  <reporter-output>
  </reporter-output>
  <suite started-at="2023-01-24T20:18:13 IST" name="Default suite" finished-at="2023-01-24T20:19:12 IST" duration-ms="58510">
    <groups>
    </groups>
    <test started-at="2023-01-24T20:18:13 IST" name="Default test" finished-at="2023-01-24T20:19:12 IST" duration-ms="58510">
      <class name="POM_DDF_TestNG_BaseClass_UtilityClass.Guru99_Insurance_TestNG_TestClass">
        <test-method is-config="true" signature="OpenBrowser()[pri:0, instance:POM_DDF_TestNG_BaseClass_UtilityClass.Guru99_Insurance_TestNG_TestClass@7722c3c3]" started-at="2023-01-24T20:18:13 IST" name="OpenBrowser" finished-at="2023-01-24T20:18:24 IST" duration-ms="10616" status="PASS">
          <reporter-output>
          </reporter-output>
        </test-method> <!-- OpenBrowser -->
        <test-method is-config="true" signature="Login()[pri:0, instance:POM_DDF_TestNG_BaseClass_UtilityClass.Guru99_Insurance_TestNG_TestClass@7722c3c3]" started-at="2023-01-24T20:18:24 IST" name="Login" finished-at="2023-01-24T20:18:33 IST" duration-ms="8638" status="PASS">
          <reporter-output>
          </reporter-output>
        </test-method> <!-- Login -->
        <test-method signature="CalculatePremium()[pri:0, instance:POM_DDF_TestNG_BaseClass_UtilityClass.Guru99_Insurance_TestNG_TestClass@7722c3c3]" started-at="2023-01-24T20:18:33 IST" name="CalculatePremium" finished-at="2023-01-24T20:18:53 IST" duration-ms="20088" status="PASS">
          <reporter-output>
          </reporter-output>
        </test-method> <!-- CalculatePremium -->
        <test-method is-config="true" signature="Logout(org.testng.ITestResult)[pri:0, instance:POM_DDF_TestNG_BaseClass_UtilityClass.Guru99_Insurance_TestNG_TestClass@7722c3c3]" started-at="2023-01-24T20:18:53 IST" name="Logout" finished-at="2023-01-24T20:18:55 IST" duration-ms="2405" status="PASS">
          <params>
            <param index="0">
              <value>
                <![CDATA[[TestResult name=CalculatePremium status=SUCCESS method=Guru99_Insurance_TestNG_TestClass.CalculatePremium()[pri:0, instance:POM_DDF_TestNG_BaseClass_UtilityClass.Guru99_Insurance_TestNG_TestClass@7722c3c3] output={null}]]]>
              </value>
            </param>
          </params>
          <reporter-output>
          </reporter-output>
        </test-method> <!-- Logout -->
        <test-method is-config="true" signature="Login()[pri:0, instance:POM_DDF_TestNG_BaseClass_UtilityClass.Guru99_Insurance_TestNG_TestClass@7722c3c3]" started-at="2023-01-24T20:18:55 IST" name="Login" finished-at="2023-01-24T20:19:01 IST" duration-ms="5662" status="PASS">
          <reporter-output>
          </reporter-output>
        </test-method> <!-- Login -->
        <test-method signature="getTitle()[pri:0, instance:POM_DDF_TestNG_BaseClass_UtilityClass.Guru99_Insurance_TestNG_TestClass@7722c3c3]" started-at="2023-01-24T20:19:01 IST" name="getTitle" finished-at="2023-01-24T20:19:01 IST" duration-ms="99" status="FAIL">
          <exception class="java.lang.AssertionError">
            <message>
              <![CDATA[expected [Insurance Broker System1] but found [Insurance Broker System]]]>
            </message>
            <full-stacktrace>
              <![CDATA[java.lang.AssertionError: expected [Insurance Broker System1] but found [Insurance Broker System]
at org.testng.Assert.fail(Assert.java:99)
at org.testng.Assert.failNotEquals(Assert.java:1037)
at org.testng.Assert.assertEqualsImpl(Assert.java:140)
at org.testng.Assert.assertEquals(Assert.java:122)
at org.testng.Assert.assertEquals(Assert.java:629)
at org.testng.Assert.assertEquals(Assert.java:639)
at POM_DDF_TestNG_BaseClass_UtilityClass.Guru99_Insurance_TestNG_TestClass.getTitle(Guru99_Insurance_TestNG_TestClass.java:73)
at java.base/jdk.internal.reflect.DirectMethodHandleAccessor.invoke(DirectMethodHandleAccessor.java:104)
at java.base/java.lang.reflect.Method.invoke(Method.java:577)
at org.testng.internal.MethodInvocationHelper.invokeMethod(MethodInvocationHelper.java:133)
at org.testng.internal.TestInvoker.invokeMethod(TestInvoker.java:598)
at org.testng.internal.TestInvoker.invokeTestMethod(TestInvoker.java:173)
at org.testng.internal.MethodRunner.runInSequence(MethodRunner.java:46)
at org.testng.internal.TestInvoker$MethodInvocationAgent.invoke(TestInvoker.java:824)
at org.testng.internal.TestInvoker.invokeTestMethods(TestInvoker.java:146)
at org.testng.internal.TestMethodWorker.invokeTestMethods(TestMethodWorker.java:146)
at org.testng.internal.TestMethodWorker.run(TestMethodWorker.java:128)
at java.base/java.util.ArrayList.forEach(ArrayList.java:1511)
at org.testng.TestRunner.privateRun(TestRunner.java:794)
at org.testng.TestRunner.run(TestRunner.java:596)
at org.testng.SuiteRunner.runTest(SuiteRunner.java:377)
at org.testng.SuiteRunner.runSequentially(SuiteRunner.java:371)
at org.testng.SuiteRunner.privateRun(SuiteRunner.java:332)
at org.testng.SuiteRunner.run(SuiteRunner.java:276)
at org.testng.SuiteRunnerWorker.runSuite(SuiteRunnerWorker.java:53)
at org.testng.SuiteRunnerWorker.run(SuiteRunnerWorker.java:96)
at org.testng.TestNG.runSuitesSequentially(TestNG.java:1212)
at org.testng.TestNG.runSuitesLocally(TestNG.java:1134)
at org.testng.TestNG.runSuites(TestNG.java:1063)
at org.testng.TestNG.run(TestNG.java:1031)
at org.testng.remote.AbstractRemoteTestNG.run(AbstractRemoteTestNG.java:115)
at org.testng.remote.RemoteTestNG.initAndRun(RemoteTestNG.java:251)
at org.testng.remote.RemoteTestNG.main(RemoteTestNG.java:77)
]]>
            </full-stacktrace>
          </exception> <!-- java.lang.AssertionError -->
          <reporter-output>
          </reporter-output>
        </test-method> <!-- getTitle -->
        <test-method is-config="true" signature="Logout(org.testng.ITestResult)[pri:0, instance:POM_DDF_TestNG_BaseClass_UtilityClass.Guru99_Insurance_TestNG_TestClass@7722c3c3]" started-at="2023-01-24T20:19:01 IST" name="Logout" finished-at="2023-01-24T20:19:04 IST" duration-ms="3219" status="PASS">
          <params>
            <param index="0">
              <value>
                <![CDATA[[TestResult name=getTitle status=FAILURE method=Guru99_Insurance_TestNG_TestClass.getTitle()[pri:0, instance:POM_DDF_TestNG_BaseClass_UtilityClass.Guru99_Insurance_TestNG_TestClass@7722c3c3] output={null}]]]>
              </value>
            </param>
          </params>
          <reporter-output>
          </reporter-output>
        </test-method> <!-- Logout -->
        <test-method is-config="true" signature="Login()[pri:0, instance:POM_DDF_TestNG_BaseClass_UtilityClass.Guru99_Insurance_TestNG_TestClass@7722c3c3]" started-at="2023-01-24T20:19:04 IST" name="Login" finished-at="2023-01-24T20:19:09 IST" duration-ms="5045" status="PASS">
          <reporter-output>
          </reporter-output>
        </test-method> <!-- Login -->
        <test-method signature="verifytEmailAddressofGuru99()[pri:0, instance:POM_DDF_TestNG_BaseClass_UtilityClass.Guru99_Insurance_TestNG_TestClass@7722c3c3]" started-at="2023-01-24T20:19:09 IST" name="verifytEmailAddressofGuru99" finished-at="2023-01-24T20:19:09 IST" duration-ms="152" status="PASS">
          <reporter-output>
          </reporter-output>
        </test-method> <!-- verifytEmailAddressofGuru99 -->
        <test-method is-config="true" signature="Logout(org.testng.ITestResult)[pri:0, instance:POM_DDF_TestNG_BaseClass_UtilityClass.Guru99_Insurance_TestNG_TestClass@7722c3c3]" started-at="2023-01-24T20:19:09 IST" name="Logout" finished-at="2023-01-24T20:19:12 IST" duration-ms="2209" status="PASS">
          <params>
            <param index="0">
              <value>
                <![CDATA[[TestResult name=verifytEmailAddressofGuru99 status=SUCCESS method=Guru99_Insurance_TestNG_TestClass.verifytEmailAddressofGuru99()[pri:0, instance:POM_DDF_TestNG_BaseClass_UtilityClass.Guru99_Insurance_TestNG_TestClass@7722c3c3] output={null}]]]>
              </value>
            </param>
          </params>
          <reporter-output>
          </reporter-output>
        </test-method> <!-- Logout -->
        <test-method is-config="true" signature="CloseBrowser()[pri:0, instance:POM_DDF_TestNG_BaseClass_UtilityClass.Guru99_Insurance_TestNG_TestClass@7722c3c3]" started-at="2023-01-24T20:19:12 IST" name="CloseBrowser" finished-at="2023-01-24T20:19:12 IST" duration-ms="93" status="PASS">
          <reporter-output>
          </reporter-output>
        </test-method> <!-- CloseBrowser -->
      </class> <!-- POM_DDF_TestNG_BaseClass_UtilityClass.Guru99_Insurance_TestNG_TestClass -->
    </test> <!-- Default test -->
  </suite> <!-- Default suite -->
</testng-results>
